#
# There is insufficient memory for the Java Runtime Environment to continue.
# Native memory allocation (malloc) failed to allocate 964576 bytes for Chunk::new
# Possible reasons:
#   The system is out of physical RAM or swap space
#   In 32 bit mode, the process size limit was hit
# Possible solutions:
#   Reduce memory load on the system
#   Increase physical memory or swap space
#   Check if swap backing store is full
#   Use 64 bit Java on a 64 bit OS
#   Decrease Java heap size (-Xmx/-Xms)
#   Decrease number of Java threads
#   Decrease Java thread stack sizes (-Xss)
#   Set larger code cache with -XX:ReservedCodeCacheSize=
# This output file may be truncated or incomplete.
#
#  Out of Memory Error (allocation.cpp:390), pid=14016, tid=0x0000000000003f48
#
# JRE version: OpenJDK Runtime Environment (8.0_152-b02) (build 1.8.0_152-release-1024-b02)
# Java VM: OpenJDK 64-Bit Server VM (25.152-b02 mixed mode windows-amd64 compressed oops)
# Failed to write core dump. Minidumps are not enabled by default on client versions of Windows
#

---------------  T H R E A D  ---------------

Current thread (0x000000001839a000):  JavaThread "C2 CompilerThread0" daemon [_thread_in_native, id=16200, stack(0x0000000018b60000,0x0000000018c60000)]

Stack: [0x0000000018b60000,0x0000000018c60000]
[error occurred during error reporting (printing stack bounds), id 0xc0000005]

Native frames: (J=compiled Java code, j=interpreted, Vv=VM code, C=native code)


Current CompileTask:
C2:23127588 28904       4       com.android.tools.r8.ir.conversion.DexBuilder::removeRedundantDebugPositions (643 bytes)


---------------  P R O C E S S  ---------------

Java Threads: ( => current thread )
  0x000000001fde3800 JavaThread "stdout" daemon [_thread_in_native, id=2124, stack(0x0000000057a30000,0x0000000057b30000)]
  0x000000001fde2800 JavaThread "stderr" daemon [_thread_in_native, id=5132, stack(0x0000000057930000,0x0000000057a30000)]
  0x000000001fde4000 JavaThread "stdout" daemon [_thread_in_native, id=9092, stack(0x0000000057830000,0x0000000057930000)]
  0x000000001fde1000 JavaThread "stderr" daemon [_thread_in_native, id=1016, stack(0x0000000057730000,0x0000000057830000)]
  0x000000001fde0800 JavaThread "stdout" daemon [_thread_in_native, id=12468, stack(0x0000000057630000,0x0000000057730000)]
  0x000000001fddf000 JavaThread "stderr" daemon [_thread_in_native, id=16128, stack(0x0000000057530000,0x0000000057630000)]
  0x000000001fde2000 JavaThread "stdout" daemon [_thread_in_native, id=9852, stack(0x0000000057430000,0x0000000057530000)]
  0x000000001fddf800 JavaThread "stderr" daemon [_thread_in_native, id=12544, stack(0x0000000057330000,0x0000000057430000)]
  0x000000001fdd6800 JavaThread "stdout" daemon [_thread_in_native, id=2496, stack(0x0000000057230000,0x0000000057330000)]
  0x000000001fdd8000 JavaThread "stderr" daemon [_thread_in_native, id=7304, stack(0x0000000057130000,0x0000000057230000)]
  0x000000001fdd6000 JavaThread "stdout" daemon [_thread_in_native, id=8988, stack(0x0000000057030000,0x0000000057130000)]
  0x000000001fdd9800 JavaThread "stderr" daemon [_thread_in_native, id=2940, stack(0x0000000056f30000,0x0000000057030000)]
  0x000000002195a000 JavaThread "stdout" daemon [_thread_in_native, id=7176, stack(0x0000000056e30000,0x0000000056f30000)]
  0x0000000021957800 JavaThread "stderr" daemon [_thread_in_native, id=14856, stack(0x0000000056d30000,0x0000000056e30000)]
  0x0000000021957000 JavaThread "stdout" daemon [_thread_in_native, id=14780, stack(0x0000000056c30000,0x0000000056d30000)]
  0x0000000021955800 JavaThread "stderr" daemon [_thread_in_native, id=9456, stack(0x0000000056b30000,0x0000000056c30000)]
  0x0000000021954800 JavaThread "queued-resource-processor_464" daemon [_thread_blocked, id=14088, stack(0x0000000056a30000,0x0000000056b30000)]
  0x000000002194d000 JavaThread "queued-resource-processor_463" daemon [_thread_blocked, id=2944, stack(0x0000000056930000,0x0000000056a30000)]
  0x0000000021954000 JavaThread "queued-resource-processor_462" daemon [_thread_blocked, id=12732, stack(0x0000000056830000,0x0000000056930000)]
  0x000000002194c800 JavaThread "queued-resource-processor_461" daemon [_thread_blocked, id=1180, stack(0x0000000056730000,0x0000000056830000)]
  0x0000000021952800 JavaThread "queued-resource-processor_460" daemon [_thread_blocked, id=3916, stack(0x0000000056630000,0x0000000056730000)]
  0x000000002194b000 JavaThread "queued-resource-processor_459" daemon [_thread_blocked, id=9144, stack(0x0000000056530000,0x0000000056630000)]
  0x0000000021951000 JavaThread "queued-resource-processor_458" daemon [_thread_blocked, id=3264, stack(0x0000000056430000,0x0000000056530000)]
  0x000000002194e000 JavaThread "queued-resource-processor_457" daemon [_thread_blocked, id=11280, stack(0x0000000056330000,0x0000000056430000)]
  0x000000001c2e5000 JavaThread "ForkJoinPool.commonPool-worker-1" daemon [_thread_blocked, id=13472, stack(0x0000000055430000,0x0000000055530000)]
  0x000000001c2dd800 JavaThread "ForkJoinPool.commonPool-worker-0" daemon [_thread_blocked, id=1908, stack(0x0000000055330000,0x0000000055430000)]
  0x000000001c2e0800 JavaThread "ForkJoinPool.commonPool-worker-7" daemon [_thread_blocked, id=15760, stack(0x0000000055230000,0x0000000055330000)]
  0x000000001c2e3000 JavaThread "ForkJoinPool.commonPool-worker-6" daemon [_thread_blocked, id=15608, stack(0x0000000055130000,0x0000000055230000)]
  0x000000001c2e2000 JavaThread "ForkJoinPool.commonPool-worker-5" daemon [_thread_blocked, id=4332, stack(0x0000000055030000,0x0000000055130000)]
  0x000000001a544800 JavaThread "ForkJoinPool.commonPool-worker-4" daemon [_thread_blocked, id=2852, stack(0x0000000054f30000,0x0000000055030000)]
  0x000000001a545800 JavaThread "ForkJoinPool.commonPool-worker-3" daemon [_thread_blocked, id=6204, stack(0x0000000054e30000,0x0000000054f30000)]
  0x000000001a541800 JavaThread "Cache worker for Java compile cache (C:\Users\Yannicks-PC\Documents\code\android\InspiroBot\.gradle\4.4\javaCompile)" [_thread_blocked, id=2628, stack(0x0000000054d30000,0x0000000054e30000)]
  0x000000001a544000 JavaThread "Task worker for ':' Thread 7" [_thread_blocked, id=8388, stack(0x0000000054c30000,0x0000000054d30000)]
  0x000000001a541000 JavaThread "Task worker for ':' Thread 6" [_thread_blocked, id=6584, stack(0x0000000054b30000,0x0000000054c30000)]
  0x000000001a539800 JavaThread "Task worker for ':' Thread 5" [_thread_blocked, id=14912, stack(0x0000000054a30000,0x0000000054b30000)]
  0x000000001a540000 JavaThread "Task worker for ':' Thread 4" [_thread_blocked, id=2160, stack(0x0000000054930000,0x0000000054a30000)]
  0x000000001a538800 JavaThread "Task worker for ':' Thread 3" [_thread_blocked, id=11296, stack(0x0000000054830000,0x0000000054930000)]
  0x000000001a53f800 JavaThread "Task worker for ':' Thread 2" [_thread_blocked, id=12712, stack(0x0000000054730000,0x0000000054830000)]
  0x000000001a53e800 JavaThread "Task worker for ':'" [_thread_blocked, id=15188, stack(0x0000000054630000,0x0000000054730000)]
  0x000000001a53b000 JavaThread "Cache worker for Build Output Cleanup Cache (C:\Users\Yannicks-PC\Documents\code\android\InspiroBot\.gradle\buildOutputCleanup)" [_thread_blocked, id=9228, stack(0x0000000054530000,0x0000000054630000)]
  0x000000001a53d000 JavaThread "Cache worker for task history cache (C:\Users\Yannicks-PC\Documents\code\android\InspiroBot\.gradle\4.4\taskHistory)" [_thread_blocked, id=12176, stack(0x0000000054430000,0x0000000054530000)]
  0x000000001a53e000 JavaThread "Cache worker for file content cache (C:\Users\Yannicks-PC\Documents\code\android\InspiroBot\.gradle\4.4\fileContent)" [_thread_blocked, id=3824, stack(0x0000000054330000,0x0000000054430000)]
  0x000000001a53c800 JavaThread "build operations Thread 8" [_thread_blocked, id=11736, stack(0x0000000054230000,0x0000000054330000)]
  0x000000001a537000 JavaThread "build operations Thread 7" [_thread_blocked, id=9476, stack(0x0000000054130000,0x0000000054230000)]
  0x000000001a538000 JavaThread "build operations Thread 6" [_thread_blocked, id=15668, stack(0x0000000054030000,0x0000000054130000)]
  0x000000001a53a000 JavaThread "build operations Thread 5" [_thread_blocked, id=12448, stack(0x0000000053f30000,0x0000000054030000)]
  0x0000000024706800 JavaThread "build operations Thread 4" [_thread_blocked, id=5488, stack(0x0000000053e30000,0x0000000053f30000)]
  0x0000000024706000 JavaThread "build operations Thread 3" [_thread_blocked, id=16336, stack(0x0000000053d30000,0x0000000053e30000)]
  0x000000002470d000 JavaThread "build operations Thread 2" [_thread_blocked, id=8412, stack(0x0000000053c30000,0x0000000053d30000)]
  0x0000000024705000 JavaThread "build operations" [_thread_blocked, id=8840, stack(0x0000000053b30000,0x0000000053c30000)]
  0x000000002470c000 JavaThread "Cache worker for Artifact transforms cache (C:\Users\Yannicks-PC\.gradle\caches\transforms-1)" [_thread_blocked, id=11000, stack(0x0000000053a30000,0x0000000053b30000)]
  0x000000002470a800 JavaThread "Cache worker for file hash cache (C:\Users\Yannicks-PC\Documents\code\android\InspiroBot\.gradle\4.4\fileHashes)" [_thread_blocked, id=14408, stack(0x0000000053930000,0x0000000053a30000)]
  0x0000000024703000 JavaThread "Stdin handler" [_thread_blocked, id=1148, stack(0x0000000053830000,0x0000000053930000)]
  0x000000002470a000 JavaThread "Asynchronous log dispatcher for DefaultDaemonConnection: socket connection from /127.0.0.1:49920 to /127.0.0.1:53299" [_thread_blocked, id=14844, stack(0x0000000053730000,0x0000000053830000)]
  0x0000000024707800 JavaThread "Daemon worker Thread 37" [_thread_blocked, id=15740, stack(0x0000000053630000,0x0000000053730000)]
  0x00000000246ff000 JavaThread "Cancel handler" [_thread_blocked, id=7452, stack(0x0000000053530000,0x0000000053630000)]
  0x00000000246fd800 JavaThread "Handler for socket connection from /127.0.0.1:49920 to /127.0.0.1:53299" [_thread_in_native, id=9172, stack(0x0000000053430000,0x0000000053530000)]
  0x00000000246fe800 JavaThread "Daemon Thread 37" [_thread_blocked, id=11188, stack(0x0000000053330000,0x0000000053430000)]
  0x000000001fddb000 JavaThread "Memory manager" [_thread_blocked, id=3296, stack(0x0000000022ea0000,0x0000000022fa0000)]
  0x000000001fddc800 JavaThread "pool-1-thread-1" [_thread_blocked, id=3172, stack(0x0000000022ba0000,0x0000000022ca0000)]
  0x000000001a598000 JavaThread "File lock request listener" [_thread_in_native, id=2132, stack(0x000000001bdf0000,0x000000001bef0000)]
  0x000000001a321800 JavaThread "Cache worker for file hash cache (C:\Users\Yannicks-PC\.gradle\caches\4.4\fileHashes)" [_thread_blocked, id=1700, stack(0x000000001bcf0000,0x000000001bdf0000)]
  0x000000001a148000 JavaThread "Daemon periodic checks" [_thread_blocked, id=15112, stack(0x000000001b0f0000,0x000000001b1f0000)]
  0x000000001a4fb800 JavaThread "Incoming local TCP Connector on port 49920" [_thread_in_native, id=14888, stack(0x000000001aeb0000,0x000000001afb0000)]
  0x0000000018412800 JavaThread "Service Thread" daemon [_thread_blocked, id=16340, stack(0x0000000018f60000,0x0000000019060000)]
  0x0000000018407000 JavaThread "C1 CompilerThread3" daemon [_thread_blocked, id=872, stack(0x0000000018e60000,0x0000000018f60000)]
  0x00000000183a1000 JavaThread "C2 CompilerThread2" daemon [_thread_in_native, id=13528, stack(0x0000000018d60000,0x0000000018e60000)]
  0x000000001839d000 JavaThread "C2 CompilerThread1" daemon [_thread_blocked, id=15532, stack(0x0000000018c60000,0x0000000018d60000)]
=>0x000000001839a000 JavaThread "C2 CompilerThread0" daemon [_thread_in_native, id=16200, stack(0x0000000018b60000,0x0000000018c60000)]
  0x0000000018398800 JavaThread "Attach Listener" daemon [_thread_blocked, id=15776, stack(0x0000000018a60000,0x0000000018b60000)]
  0x000000001649e800 JavaThread "Signal Dispatcher" daemon [_thread_blocked, id=12020, stack(0x0000000018960000,0x0000000018a60000)]
  0x0000000018390800 JavaThread "Finalizer" daemon [_thread_blocked, id=16156, stack(0x0000000018770000,0x0000000018870000)]
  0x00000000026c7000 JavaThread "Reference Handler" daemon [_thread_blocked, id=16296, stack(0x0000000018270000,0x0000000018370000)]
  0x000000000246e800 JavaThread "main" [_thread_blocked, id=15896, stack(0x00000000024d0000,0x00000000025d0000)]

Other Threads:
  0x0000000016485800 VMThread [stack: 0x0000000018170000,0x0000000018270000] [id=16364]
  0x0000000018413000 WatcherThread [stack: 0x0000000019060000,0x0000000019160000] [id=15692]

VM state:not at safepoint (normal execution)

VM Mutex/Monitor currently owned by a thread: None

Heap:
 PSYoungGen      total 263168K, used 228801K [0x00000000e0000000, 0x00000000f1b80000, 0x0000000100000000)
  eden space 236544K, 93% used [0x00000000e0000000,0x00000000ed6f1c98,0x00000000ee700000)
  from space 26624K, 32% used [0x00000000ee700000,0x00000000eef7eb08,0x00000000f0100000)
  to   space 26624K, 0% used [0x00000000f0180000,0x00000000f0180000,0x00000000f1b80000)
 ParOldGen       total 310784K, used 49663K [0x00000000a0000000, 0x00000000b2f80000, 0x00000000e0000000)
  object space 310784K, 15% used [0x00000000a0000000,0x00000000a307ff00,0x00000000b2f80000)
 Metaspace       used 91277K, capacity 96932K, committed 100172K, reserved 1136640K
  class space    used 11311K, capacity 12278K, committed 13184K, reserved 1048576K

Card table byte_map: [0x0000000011a90000,0x0000000011da0000] byte_map_base: 0x0000000011590000

Marking Bits: (ParMarkBitMap*) 0x0000000061754970
 Begin Bits: [0x00000000127a0000, 0x0000000013fa0000)
 End Bits:   [0x0000000013fa0000, 0x00000000157a0000)

Polling page: 0x0000000002430000

CodeCache: size=245760Kb used=81560Kb max_used=81573Kb free=164199Kb
 bounds [0x00000000026d0000, 0x0000000007710000, 0x00000000116d0000]
 total_blobs=22320 nmethods=21445 adapters=785
 compilation: enabled

Compilation events (10 events):
Event: 23124.116 Thread 0x000000001839d000 28916       4       com.android.tools.r8.code.Nop::create (68 bytes)
Event: 23124.117 Thread 0x0000000018407000 28917       3       com.android.tools.r8.code.Iput::<init> (11 bytes)
Event: 23124.117 Thread 0x0000000018407000 nmethod 28917 0x0000000003fbf3d0 code [0x0000000003fbf540, 0x0000000003fbf748]
Event: 23124.117 Thread 0x0000000018407000 28918       3       com.android.tools.r8.graph.DexItemFactory$StringBuildingMethods::forEachAppendMethod (141 bytes)
Event: 23124.118 Thread 0x0000000018407000 nmethod 28918 0x0000000007690110 code [0x0000000007690340, 0x0000000007690f38]
Event: 23124.135 Thread 0x0000000018407000 28920       3       com.android.tools.r8.graph.DexAnnotationSetRefList::equals (31 bytes)
Event: 23124.135 Thread 0x0000000018407000 nmethod 28920 0x0000000003fbed50 code [0x0000000003fbeee0, 0x0000000003fbf2e8]
Event: 23124.140 Thread 0x000000001839d000 nmethod 28916 0x00000000076daed0 code [0x00000000076db0c0, 0x00000000076dc0a8]
Event: 23124.140 Thread 0x000000001839d000 28919       4       com.android.tools.r8.ir.conversion.IRConverter$$Lambda$548/350668946::accept (12 bytes)
Event: 23124.149 Thread 0x000000001839d000 nmethod 28919 0x0000000007704750 code [0x00000000077048e0, 0x00000000077050c8]

GC Heap History (10 events):
Event: 21869.737 GC heap before
{Heap before GC invocations=47 (full 4):
 PSYoungGen      total 260096K, used 253806K [0x00000000e0000000, 0x00000000f1680000, 0x0000000100000000)
  eden space 236032K, 100% used [0x00000000e0000000,0x00000000ee680000,0x00000000ee680000)
  from space 24064K, 73% used [0x00000000eff00000,0x00000000f105bb78,0x00000000f1680000)
  to   space 24576K, 0% used [0x00000000ee680000,0x00000000ee680000,0x00000000efe80000)
 ParOldGen       total 310784K, used 38545K [0x00000000a0000000, 0x00000000b2f80000, 0x00000000e0000000)
  object space 310784K, 12% used [0x00000000a0000000,0x00000000a25a45e8,0x00000000b2f80000)
 Metaspace       used 90798K, capacity 96460K, committed 99916K, reserved 1136640K
  class space    used 11295K, capacity 12256K, committed 13184K, reserved 1048576K
Event: 21869.749 GC heap after
Heap after GC invocations=47 (full 4):
 PSYoungGen      total 260608K, used 9152K [0x00000000e0000000, 0x00000000f1900000, 0x0000000100000000)
  eden space 236032K, 0% used [0x00000000e0000000,0x00000000e0000000,0x00000000ee680000)
  from space 24576K, 37% used [0x00000000ee680000,0x00000000eef70250,0x00000000efe80000)
  to   space 25600K, 0% used [0x00000000f0000000,0x00000000f0000000,0x00000000f1900000)
 ParOldGen       total 310784K, used 49039K [0x00000000a0000000, 0x00000000b2f80000, 0x00000000e0000000)
  object space 310784K, 15% used [0x00000000a0000000,0x00000000a2fe3f00,0x00000000b2f80000)
 Metaspace       used 90798K, capacity 96460K, committed 99916K, reserved 1136640K
  class space    used 11295K, capacity 12256K, committed 13184K, reserved 1048576K
}
Event: 22490.568 GC heap before
{Heap before GC invocations=48 (full 4):
 PSYoungGen      total 260608K, used 245184K [0x00000000e0000000, 0x00000000f1900000, 0x0000000100000000)
  eden space 236032K, 100% used [0x00000000e0000000,0x00000000ee680000,0x00000000ee680000)
  from space 24576K, 37% used [0x00000000ee680000,0x00000000eef70250,0x00000000efe80000)
  to   space 25600K, 0% used [0x00000000f0000000,0x00000000f0000000,0x00000000f1900000)
 ParOldGen       total 310784K, used 49039K [0x00000000a0000000, 0x00000000b2f80000, 0x00000000e0000000)
  object space 310784K, 15% used [0x00000000a0000000,0x00000000a2fe3f00,0x00000000b2f80000)
 Metaspace       used 90898K, capacity 96596K, committed 99916K, reserved 1136640K
  class space    used 11296K, capacity 12256K, committed 13184K, reserved 1048576K
Event: 22490.575 GC heap after
Heap after GC invocations=48 (full 4):
 PSYoungGen      total 261632K, used 9430K [0x00000000e0000000, 0x00000000f1a00000, 0x0000000100000000)
  eden space 236032K, 0% used [0x00000000e0000000,0x00000000e0000000,0x00000000ee680000)
  from space 25600K, 36% used [0x00000000f0000000,0x00000000f09358d0,0x00000000f1900000)
  to   space 26112K, 0% used [0x00000000ee680000,0x00000000ee680000,0x00000000f0000000)
 ParOldGen       total 310784K, used 49175K [0x00000000a0000000, 0x00000000b2f80000, 0x00000000e0000000)
  object space 310784K, 15% used [0x00000000a0000000,0x00000000a3005f00,0x00000000b2f80000)
 Metaspace       used 90898K, capacity 96596K, committed 99916K, reserved 1136640K
  class space    used 11296K, capacity 12256K, committed 13184K, reserved 1048576K
}
Event: 22569.605 GC heap before
{Heap before GC invocations=49 (full 4):
 PSYoungGen      total 261632K, used 244696K [0x00000000e0000000, 0x00000000f1a00000, 0x0000000100000000)
  eden space 236032K, 99% used [0x00000000e0000000,0x00000000ee5c0948,0x00000000ee680000)
  from space 25600K, 36% used [0x00000000f0000000,0x00000000f09358d0,0x00000000f1900000)
  to   space 26112K, 0% used [0x00000000ee680000,0x00000000ee680000,0x00000000f0000000)
 ParOldGen       total 310784K, used 49175K [0x00000000a0000000, 0x00000000b2f80000, 0x00000000e0000000)
  object space 310784K, 15% used [0x00000000a0000000,0x00000000a3005f00,0x00000000b2f80000)
 Metaspace       used 90951K, capacity 96600K, committed 99916K, reserved 1136640K
  class space    used 11296K, capacity 12256K, committed 13184K, reserved 1048576K
Event: 22569.611 GC heap after
Heap after GC invocations=49 (full 4):
 PSYoungGen      total 262144K, used 9810K [0x00000000e0000000, 0x00000000f1b00000, 0x0000000100000000)
  eden space 236032K, 0% used [0x00000000e0000000,0x00000000e0000000,0x00000000ee680000)
  from space 26112K, 37% used [0x00000000ee680000,0x00000000ef014b30,0x00000000f0000000)
  to   space 26624K, 0% used [0x00000000f0100000,0x00000000f0100000,0x00000000f1b00000)
 ParOldGen       total 310784K, used 49263K [0x00000000a0000000, 0x00000000b2f80000, 0x00000000e0000000)
  object space 310784K, 15% used [0x00000000a0000000,0x00000000a301bf00,0x00000000b2f80000)
 Metaspace       used 90951K, capacity 96600K, committed 99916K, reserved 1136640K
  class space    used 11296K, capacity 12256K, committed 13184K, reserved 1048576K
}
Event: 22838.740 GC heap before
{Heap before GC invocations=50 (full 4):
 PSYoungGen      total 262144K, used 245842K [0x00000000e0000000, 0x00000000f1b00000, 0x0000000100000000)
  eden space 236032K, 100% used [0x00000000e0000000,0x00000000ee680000,0x00000000ee680000)
  from space 26112K, 37% used [0x00000000ee680000,0x00000000ef014b30,0x00000000f0000000)
  to   space 26624K, 0% used [0x00000000f0100000,0x00000000f0100000,0x00000000f1b00000)
 ParOldGen       total 310784K, used 49263K [0x00000000a0000000, 0x00000000b2f80000, 0x00000000e0000000)
  object space 310784K, 15% used [0x00000000a0000000,0x00000000a301bf00,0x00000000b2f80000)
 Metaspace       used 91020K, capacity 96600K, committed 99916K, reserved 1136640K
  class space    used 11296K, capacity 12256K, committed 13184K, reserved 1048576K
Event: 22838.746 GC heap after
Heap after GC invocations=50 (full 4):
 PSYoungGen      total 263168K, used 8761K [0x00000000e0000000, 0x00000000f1b00000, 0x0000000100000000)
  eden space 236544K, 0% used [0x00000000e0000000,0x00000000e0000000,0x00000000ee700000)
  from space 26624K, 32% used [0x00000000f0100000,0x00000000f098e418,0x00000000f1b00000)
  to   space 26624K, 0% used [0x00000000ee700000,0x00000000ee700000,0x00000000f0100000)
 ParOldGen       total 310784K, used 49399K [0x00000000a0000000, 0x00000000b2f80000, 0x00000000e0000000)
  object space 310784K, 15% used [0x00000000a0000000,0x00000000a303df00,0x00000000b2f80000)
 Metaspace       used 91020K, capacity 96600K, committed 99916K, reserved 1136640K
  class space    used 11296K, capacity 12256K, committed 13184K, reserved 1048576K
}
Event: 23009.785 GC heap before
{Heap before GC invocations=51 (full 4):
 PSYoungGen      total 263168K, used 245305K [0x00000000e0000000, 0x00000000f1b00000, 0x0000000100000000)
  eden space 236544K, 100% used [0x00000000e0000000,0x00000000ee700000,0x00000000ee700000)
  from space 26624K, 32% used [0x00000000f0100000,0x00000000f098e418,0x00000000f1b00000)
  to   space 26624K, 0% used [0x00000000ee700000,0x00000000ee700000,0x00000000f0100000)
 ParOldGen       total 310784K, used 49399K [0x00000000a0000000, 0x00000000b2f80000, 0x00000000e0000000)
  object space 310784K, 15% used [0x00000000a0000000,0x00000000a303df00,0x00000000b2f80000)
 Metaspace       used 91157K, capacity 96796K, committed 99916K, reserved 1136640K
  class space    used 11308K, capacity 12278K, committed 13184K, reserved 1048576K
Event: 23009.791 GC heap after
Heap after GC invocations=51 (full 4):
 PSYoungGen      total 263168K, used 8698K [0x00000000e0000000, 0x00000000f1b80000, 0x0000000100000000)
  eden space 236544K, 0% used [0x00000000e0000000,0x00000000e0000000,0x00000000ee700000)
  from space 26624K, 32% used [0x00000000ee700000,0x00000000eef7eb08,0x00000000f0100000)
  to   space 26624K, 0% used [0x00000000f0180000,0x00000000f0180000,0x00000000f1b80000)
 ParOldGen       total 310784K, used 49663K [0x00000000a0000000, 0x00000000b2f80000, 0x00000000e0000000)
  object space 310784K, 15% used [0x00000000a0000000,0x00000000a307ff00,0x00000000b2f80000)
 Metaspace       used 91157K, capacity 96796K, committed 99916K, reserved 1136640K
  class space    used 11308K, capacity 12278K, committed 13184K, reserved 1048576K
}

Deoptimization events (10 events):
Event: 22999.164 Thread 0x000000001c2e3800 Uncommon trap: reason=class_check action=maybe_recompile pc=0x0000000002a72f78 method=java.util.Collections$UnmodifiableMap$UnmodifiableEntrySet$UnmodifiableEntry.<init>(Ljava/util/Map$Entry;)V @ 9
Event: 23009.429 Thread 0x000000001fddf000 Uncommon trap: reason=class_check action=maybe_recompile pc=0x0000000006cb4e24 method=com.sun.tools.javac.comp.Resolve.selectBest(Lcom/sun/tools/javac/comp/Env;Lcom/sun/tools/javac/code/Type;Lcom/sun/tools/javac/util/List;Lcom/sun/tools/javac/util/List;Lc
Event: 23009.430 Thread 0x000000001fddf000 Uncommon trap: reason=unstable_if action=reinterpret pc=0x0000000005c273c4 method=com.sun.tools.javac.comp.Check.checkFlags(Lcom/sun/tools/javac/util/JCDiagnostic$DiagnosticPosition;JLcom/sun/tools/javac/code/Symbol;Lcom/sun/tools/javac/tree/JCTree;)J @ 3
Event: 23009.430 Thread 0x000000001fddf000 Uncommon trap: reason=unstable_if action=reinterpret pc=0x0000000005cd0760 method=com.sun.tools.javac.comp.Attr.attribClassBody(Lcom/sun/tools/javac/comp/Env;Lcom/sun/tools/javac/code/Symbol$ClassSymbol;)V @ 511
Event: 23010.033 Thread 0x000000001fdd6800 Uncommon trap: reason=unstable_if action=reinterpret pc=0x00000000075841ac method=org.objectweb.asm.MethodWriter.visitMaxs(II)V @ 58
Event: 23010.307 Thread 0x000000001c2e5000 Uncommon trap: reason=unstable_if action=reinterpret pc=0x00000000062db7d8 method=com.android.tools.r8.ir.conversion.JarSourceCode.getTryHandlers(Lcom/android/tools/r8/org/objectweb/asm/tree/AbstractInsnNode;)Ljava/util/List; @ 55
Event: 23010.307 Thread 0x000000001c2e5000 Uncommon trap: reason=unstable_if action=reinterpret pc=0x0000000005e71e14 method=com.android.tools.r8.ir.conversion.JarSourceCode.getTryHandlers(Lcom/android/tools/r8/org/objectweb/asm/tree/AbstractInsnNode;)Ljava/util/List; @ 55
Event: 23010.308 Thread 0x000000001c2e5000 Uncommon trap: reason=class_check action=maybe_recompile pc=0x0000000006ff8e64 method=com.android.tools.r8.ir.optimize.CodeRewriter.simplifyDebugLocals(Lcom/android/tools/r8/ir/code/IRCode;)V @ 101
Event: 23010.308 Thread 0x000000001c2e5000 Uncommon trap: reason=unstable_if action=reinterpret pc=0x0000000004f9cde4 method=com.android.tools.r8.com.google.common.collect.ImmutableSet.construct(I[Ljava/lang/Object;)Lcom/android/tools/r8/com/google/common/collect/ImmutableSet; @ 175
Event: 23010.311 Thread 0x000000001c2e5000 Uncommon trap: reason=unstable_if action=reinterpret pc=0x0000000006ff8a04 method=com.android.tools.r8.ir.optimize.CodeRewriter.simplifyDebugLocals(Lcom/android/tools/r8/ir/code/IRCode;)V @ 213

Classes redefined (0 events):
No events

Internal exceptions (10 events):
Event: 23123.918 Thread 0x000000001c2e6000 Exception <a 'sun/nio/fs/WindowsException'> (0x00000000ebb473b0) thrown at [D:\src\AOSP-openjdk-cygwin\jdk8u\hotspot\src\share\vm\prims\jni.cpp, line 709]
Event: 23123.918 Thread 0x000000001c2e9800 Exception <a 'sun/nio/fs/WindowsException'> (0x00000000eb8b6c90) thrown at [D:\src\AOSP-openjdk-cygwin\jdk8u\hotspot\src\share\vm\prims\jni.cpp, line 709]
Event: 23123.918 Thread 0x000000001c2e8000 Exception <a 'sun/nio/fs/WindowsException'> (0x00000000eb4ac4c8) thrown at [D:\src\AOSP-openjdk-cygwin\jdk8u\hotspot\src\share\vm\prims\jni.cpp, line 709]
Event: 23123.919 Thread 0x000000001c2e3800 Exception <a 'sun/nio/fs/WindowsException'> (0x00000000eb3c3268) thrown at [D:\src\AOSP-openjdk-cygwin\jdk8u\hotspot\src\share\vm\prims\jni.cpp, line 709]
Event: 23123.919 Thread 0x000000001c2e8000 Exception <a 'sun/nio/fs/WindowsException'> (0x00000000ebc5ec10) thrown at [D:\src\AOSP-openjdk-cygwin\jdk8u\hotspot\src\share\vm\prims\jni.cpp, line 709]
Event: 23123.937 Thread 0x000000001c2ea800 Exception <a 'sun/nio/fs/WindowsException'> (0x00000000ec219818) thrown at [D:\src\AOSP-openjdk-cygwin\jdk8u\hotspot\src\share\vm\prims\jni.cpp, line 709]
Event: 23123.937 Thread 0x000000001c2e7800 Exception <a 'sun/nio/fs/WindowsException'> (0x00000000ec1c32a8) thrown at [D:\src\AOSP-openjdk-cygwin\jdk8u\hotspot\src\share\vm\prims\jni.cpp, line 709]
Event: 23123.939 Thread 0x000000001c2ea800 Exception <a 'sun/nio/fs/WindowsException'> (0x00000000ec2fc1f8) thrown at [D:\src\AOSP-openjdk-cygwin\jdk8u\hotspot\src\share\vm\prims\jni.cpp, line 709]
Event: 23124.109 Thread 0x000000001a544800 Exception <a 'sun/nio/fs/WindowsException'> (0x00000000ec8b24b0) thrown at [D:\src\AOSP-openjdk-cygwin\jdk8u\hotspot\src\share\vm\prims\jni.cpp, line 709]
Event: 23124.137 Thread 0x000000002194b000 Exception <a 'sun/nio/fs/WindowsException'> (0x00000000ed2c3500) thrown at [D:\src\AOSP-openjdk-cygwin\jdk8u\hotspot\src\share\vm\prims\jni.cpp, line 709]

Events (10 events):
Event: 23124.164 Thread 0x000000001fdd8000 Thread added: 0x000000001fdd8000
Event: 23124.165 Thread 0x000000001fdd6800 Thread added: 0x000000001fdd6800
Event: 23124.165 Thread 0x000000001fddf800 Thread added: 0x000000001fddf800
Event: 23124.165 Thread 0x000000001fde2000 Thread added: 0x000000001fde2000
Event: 23124.166 Thread 0x000000001fddf000 Thread added: 0x000000001fddf000
Event: 23124.166 Thread 0x000000001fde0800 Thread added: 0x000000001fde0800
Event: 23124.167 Thread 0x000000001fde1000 Thread added: 0x000000001fde1000
Event: 23124.167 Thread 0x000000001fde4000 Thread added: 0x000000001fde4000
Event: 23124.168 Thread 0x000000001fde2800 Thread added: 0x000000001fde2800
Event: 23124.168 Thread 0x000000001fde3800 Thread added: 0x000000001fde3800


Dynamic libraries:
0x00007ff785b10000 - 0x00007ff785b41000 	C:\Program Files\Android\Android Studio\jre\bin\java.exe
0x00007ffca1d80000 - 0x00007ffca1f61000 	C:\WINDOWS\SYSTEM32\ntdll.dll
0x00007ffc9f5a0000 - 0x00007ffc9f652000 	C:\WINDOWS\System32\KERNEL32.DLL
0x00007ffc9e230000 - 0x00007ffc9e4a3000 	C:\WINDOWS\System32\KERNELBASE.dll
0x00007ffca1ad0000 - 0x00007ffca1b71000 	C:\WINDOWS\System32\ADVAPI32.dll
0x00007ffca1b90000 - 0x00007ffca1c2e000 	C:\WINDOWS\System32\msvcrt.dll
0x00007ffc9f540000 - 0x00007ffc9f59b000 	C:\WINDOWS\System32\sechost.dll
0x00007ffc9f660000 - 0x00007ffc9f784000 	C:\WINDOWS\System32\RPCRT4.dll
0x00007ffc9f790000 - 0x00007ffc9f920000 	C:\WINDOWS\System32\USER32.dll
0x00007ffc9f0a0000 - 0x00007ffc9f0c0000 	C:\WINDOWS\System32\win32u.dll
0x00007ffca1060000 - 0x00007ffca1088000 	C:\WINDOWS\System32\GDI32.dll
0x00007ffc9e4b0000 - 0x00007ffc9e642000 	C:\WINDOWS\System32\gdi32full.dll
0x00007ffc9f170000 - 0x00007ffc9f20f000 	C:\WINDOWS\System32\msvcp_win.dll
0x00007ffc9e650000 - 0x00007ffc9e74a000 	C:\WINDOWS\System32\ucrtbase.dll
0x00007ffc93c10000 - 0x00007ffc93e79000 	C:\WINDOWS\WinSxS\amd64_microsoft.windows.common-controls_6595b64144ccf1df_6.0.17134.112_none_fb3f961b30681c12\COMCTL32.dll
0x00007ffc9f210000 - 0x00007ffc9f533000 	C:\WINDOWS\System32\combase.dll
0x00007ffc9e150000 - 0x00007ffc9e1ca000 	C:\WINDOWS\System32\bcryptPrimitives.dll
0x00007ffc9f9c0000 - 0x00007ffc9f9ed000 	C:\WINDOWS\System32\IMM32.DLL
0x0000000060eb0000 - 0x0000000060f82000 	C:\Program Files\Android\Android Studio\jre\jre\bin\msvcr100.dll
0x0000000060f90000 - 0x00000000617cf000 	C:\Program Files\Android\Android Studio\jre\jre\bin\server\jvm.dll
0x00007ffca1800000 - 0x00007ffca1808000 	C:\WINDOWS\System32\PSAPI.DLL
0x00007ffc92790000 - 0x00007ffc92799000 	C:\WINDOWS\SYSTEM32\WSOCK32.dll
0x00007ffca1230000 - 0x00007ffca129c000 	C:\WINDOWS\System32\WS2_32.dll
0x00007ffc9a890000 - 0x00007ffc9a8b3000 	C:\WINDOWS\SYSTEM32\WINMM.dll
0x00007ffc995c0000 - 0x00007ffc995ca000 	C:\WINDOWS\SYSTEM32\VERSION.dll
0x00007ffc9a6c0000 - 0x00007ffc9a6ea000 	C:\WINDOWS\SYSTEM32\WINMMBASE.dll
0x00007ffc9f050000 - 0x00007ffc9f099000 	C:\WINDOWS\System32\cfgmgr32.dll
0x00007ffc88b40000 - 0x00007ffc88b4f000 	C:\Program Files\Android\Android Studio\jre\jre\bin\verify.dll
0x00007ffc61a20000 - 0x00007ffc61a49000 	C:\Program Files\Android\Android Studio\jre\jre\bin\java.dll
0x00007ffc61a00000 - 0x00007ffc61a16000 	C:\Program Files\Android\Android Studio\jre\jre\bin\zip.dll
0x00007ffc9fac0000 - 0x00007ffca0f00000 	C:\WINDOWS\System32\SHELL32.dll
0x00007ffca1c40000 - 0x00007ffca1ce9000 	C:\WINDOWS\System32\shcore.dll
0x00007ffc9e940000 - 0x00007ffc9f04d000 	C:\WINDOWS\System32\windows.storage.dll
0x00007ffca1cf0000 - 0x00007ffca1d41000 	C:\WINDOWS\System32\shlwapi.dll
0x00007ffc9e110000 - 0x00007ffc9e121000 	C:\WINDOWS\System32\kernel.appcore.dll
0x00007ffc9e130000 - 0x00007ffc9e14f000 	C:\WINDOWS\System32\profapi.dll
0x00007ffc9e0c0000 - 0x00007ffc9e10c000 	C:\WINDOWS\System32\powrprof.dll
0x00007ffc9e090000 - 0x00007ffc9e09a000 	C:\WINDOWS\System32\FLTLIB.DLL
0x00007ffc619b0000 - 0x00007ffc619ca000 	C:\Program Files\Android\Android Studio\jre\jre\bin\net.dll
0x00007ffc9d910000 - 0x00007ffc9d976000 	C:\WINDOWS\system32\mswsock.dll
0x00007ffc61990000 - 0x00007ffc619a1000 	C:\Program Files\Android\Android Studio\jre\jre\bin\nio.dll
0x00007ffc98550000 - 0x00007ffc9856e000 	C:\Users\Yannicks-PC\.gradle\native\25\windows-amd64\native-platform.dll
0x00007ffc70d00000 - 0x00007ffc70d0d000 	C:\Program Files\Android\Android Studio\jre\jre\bin\management.dll
0x00007ffc9dac0000 - 0x00007ffc9dad7000 	C:\WINDOWS\SYSTEM32\CRYPTSP.dll
0x00007ffc9d4f0000 - 0x00007ffc9d523000 	C:\WINDOWS\system32\rsaenh.dll
0x00007ffc9dbf0000 - 0x00007ffc9dc15000 	C:\WINDOWS\SYSTEM32\bcrypt.dll
0x00007ffc9df90000 - 0x00007ffc9dfb8000 	C:\WINDOWS\SYSTEM32\USERENV.dll
0x00007ffc9dae0000 - 0x00007ffc9daeb000 	C:\WINDOWS\SYSTEM32\CRYPTBASE.dll
0x00007ffc9d690000 - 0x00007ffc9d6c8000 	C:\WINDOWS\SYSTEM32\IPHLPAPI.DLL
0x00007ffca1c30000 - 0x00007ffca1c38000 	C:\WINDOWS\System32\NSI.dll
0x00007ffc99740000 - 0x00007ffc99756000 	C:\WINDOWS\SYSTEM32\dhcpcsvc6.DLL
0x00007ffc99720000 - 0x00007ffc9973a000 	C:\WINDOWS\SYSTEM32\dhcpcsvc.DLL
0x00007ffc60550000 - 0x00007ffc60574000 	C:\Program Files\Android\Android Studio\jre\jre\bin\sunec.dll
0x00007ffc9d6d0000 - 0x00007ffc9d78e000 	C:\WINDOWS\SYSTEM32\DNSAPI.dll
0x00007ffc971d0000 - 0x00007ffc971da000 	C:\Windows\System32\rasadhlp.dll
0x00007ffc99120000 - 0x00007ffc99192000 	C:\WINDOWS\System32\fwpuclnt.dll
0x00007ffc648a0000 - 0x00007ffc648ab000 	C:\Program Files\Android\Android Studio\jre\jre\bin\sunmscapi.dll
0x00007ffc9e750000 - 0x00007ffc9e932000 	C:\WINDOWS\System32\CRYPT32.dll
0x00007ffc9e0a0000 - 0x00007ffc9e0b2000 	C:\WINDOWS\System32\MSASN1.dll

VM Arguments:
jvm_args: -Xmx1536m -Dfile.encoding=windows-1252 -Duser.country=US -Duser.language=en -Duser.variant 
java_command: org.gradle.launcher.daemon.bootstrap.GradleDaemon 4.4
java_class_path (initial): C:\Users\Yannicks-PC\.gradle\wrapper\dists\gradle-4.4-all\9br9xq1tocpiv8o6njlyu5op1\gradle-4.4\lib\gradle-launcher-4.4.jar
Launcher Type: SUN_STANDARD

Environment Variables:
PATH=C:\Program Files (x86)\Common Files\Oracle\Java\javapath;C:\Program Files (x86)\Intel\iCLS Client\;C:\Program Files\Intel\iCLS Client\;C:\ProgramData\Oracle\Java\javapath;C:\Windows\system32;C:\Windows;C:\Windows\System32\Wbem;C:\Windows\System32\WindowsPowerShell\v1.0\;C:\WINDOWS\system32;C:\WINDOWS;C:\WINDOWS\System32\Wbem;C:\WINDOWS\System32\WindowsPowerShell\v1.0\;C:\Program Files (x86)\NVIDIA Corporation\PhysX\Common;C:\WINDOWS\system32;C:\WINDOWS;C:\WINDOWS\System32\Wbem;C:\WINDOWS\System32\WindowsPowerShell\v1.0\;C:\Program Files (x86)\Intel\Intel(R) Management Engine Components\DAL;C:\Program Files\Intel\Intel(R) Management Engine Components\DAL;C:\Program Files (x86)\Intel\Intel(R) Management Engine Components\IPT;C:\Program Files\Intel\Intel(R) Management Engine Components\IPT;C:\WINDOWS\System32\OpenSSH\;C:\Program Files (x86)\GitExtensions\;C:\Program Files\Git\cmd;C:\Users\Yannicks-PC\AppData\Local\Microsoft\WindowsApps;C:\Program Files\Java\jdk1.8.0_131\bin;%DASHLANE_DLL_DIR%;
USERNAME=Yannicks-PC
OS=Windows_NT
PROCESSOR_IDENTIFIER=Intel64 Family 6 Model 158 Stepping 9, GenuineIntel



---------------  S Y S T E M  ---------------

OS: Windows 10.0 , 64 bit Build 17134 (10.0.17134.1)

CPU:total 8 (initial active 8) (4 cores per cpu, 2 threads per core) family 6 model 158 stepping 9, cmov, cx8, fxsr, mmx, sse, sse2, sse3, ssse3, sse4.1, sse4.2, popcnt, avx, avx2, aes, clmul, erms, rtm, 3dnowpref, lzcnt, ht, tsc, tscinvbit, bmi1, bmi2, adx

Memory: 4k page, physical 16605020k(4785988k free), swap 16605020k(6060k free)

vm_info: OpenJDK 64-Bit Server VM (25.152-b02) for windows-amd64 JRE (1.8.0_152-release-1024-b02), built by "builder" with MS VC++ 10.0 (VS2010)

time: Sun Jul 08 20:17:12 2018
elapsed time: 23124 seconds (0d 6h 25m 24s)

